c:\users\sukij\source\repos\pigeoninvaders2.0c++\pigeonin.cc6cc1e1\x64\debug\vc143.pdb
c:\users\sukij\source\repos\pigeoninvaders2.0c++\pigeonin.cc6cc1e1\x64\debug\vc143.idb
c:\users\sukij\source\repos\pigeoninvaders2.0c++\pigeonin.cc6cc1e1\x64\debug\sprite.obj
c:\users\sukij\source\repos\pigeoninvaders2.0c++\pigeonin.cc6cc1e1\x64\debug\spaceship.obj
c:\users\sukij\source\repos\pigeoninvaders2.0c++\pigeonin.cc6cc1e1\x64\debug\pigeoninvaders2.0c++.obj
c:\users\sukij\source\repos\pigeoninvaders2.0c++\pigeonin.cc6cc1e1\x64\debug\leaderboard.obj
c:\users\sukij\source\repos\pigeoninvaders2.0c++\pigeonin.cc6cc1e1\x64\debug\gameover.obj
c:\users\sukij\source\repos\pigeoninvaders2.0c++\pigeonin.cc6cc1e1\x64\debug\game.obj
c:\users\sukij\source\repos\pigeoninvaders2.0c++\pigeonin.cc6cc1e1\x64\debug\enemybullet.obj
c:\users\sukij\source\repos\pigeoninvaders2.0c++\pigeonin.cc6cc1e1\x64\debug\enemy.obj
c:\users\sukij\source\repos\pigeoninvaders2.0c++\pigeonin.cc6cc1e1\x64\debug\collisions.obj
c:\users\sukij\source\repos\pigeoninvaders2.0c++\pigeonin.cc6cc1e1\x64\debug\bullet.obj
c:\users\sukij\source\repos\pigeoninvaders2.0c++\pigeonin.cc6cc1e1\x64\debug\boss.obj
c:\users\sukij\source\repos\pigeoninvaders2.0c++\pigeonin.cc6cc1e1\x64\debug\apiconnection.obj
c:\users\sukij\source\repos\pigeoninvaders2.0c++\pigeonin.cc6cc1e1\x64\debug\mainmenump.obj
c:\users\sukij\source\repos\pigeoninvaders2.0c++\pigeonin.cc6cc1e1\x64\debug\mainmenu.obj
c:\users\sukij\source\repos\pigeoninvaders2.0c++\x64\debug\pigeoninvaders2.0c++.exe
c:\users\sukij\source\repos\pigeoninvaders2.0c++\x64\debug\pigeoninvaders2.0c++.pdb
c:\users\sukij\source\repos\pigeoninvaders2.0c++\pigeonin.cc6cc1e1\x64\debug\pigeoninvaders2.0c++.res
c:\users\sukij\source\repos\pigeoninvaders2.0c++\pigeonin.cc6cc1e1\x64\debug\pigeoninvaders2.0c++.ilk
c:\users\sukij\source\repos\pigeoninvaders2.0c++\pigeonin.cc6cc1e1\x64\debug\mainmenusp.obj
c:\users\sukij\source\repos\pigeoninvaders2.0c++\pigeonin.cc6cc1e1\x64\debug\pigeonin.cc6cc1e1.tlog\cl.command.1.tlog
c:\users\sukij\source\repos\pigeoninvaders2.0c++\pigeonin.cc6cc1e1\x64\debug\pigeonin.cc6cc1e1.tlog\cl.items.tlog
c:\users\sukij\source\repos\pigeoninvaders2.0c++\pigeonin.cc6cc1e1\x64\debug\pigeonin.cc6cc1e1.tlog\cl.read.1.tlog
c:\users\sukij\source\repos\pigeoninvaders2.0c++\pigeonin.cc6cc1e1\x64\debug\pigeonin.cc6cc1e1.tlog\cl.write.1.tlog
c:\users\sukij\source\repos\pigeoninvaders2.0c++\pigeonin.cc6cc1e1\x64\debug\pigeonin.cc6cc1e1.tlog\link.command.1.tlog
c:\users\sukij\source\repos\pigeoninvaders2.0c++\pigeonin.cc6cc1e1\x64\debug\pigeonin.cc6cc1e1.tlog\link.read.1.tlog
c:\users\sukij\source\repos\pigeoninvaders2.0c++\pigeonin.cc6cc1e1\x64\debug\pigeonin.cc6cc1e1.tlog\link.secondary.1.tlog
c:\users\sukij\source\repos\pigeoninvaders2.0c++\pigeonin.cc6cc1e1\x64\debug\pigeonin.cc6cc1e1.tlog\link.write.1.tlog
c:\users\sukij\source\repos\pigeoninvaders2.0c++\pigeonin.cc6cc1e1\x64\debug\pigeonin.cc6cc1e1.tlog\rc.command.1.tlog
c:\users\sukij\source\repos\pigeoninvaders2.0c++\pigeonin.cc6cc1e1\x64\debug\pigeonin.cc6cc1e1.tlog\rc.read.1.tlog
c:\users\sukij\source\repos\pigeoninvaders2.0c++\pigeonin.cc6cc1e1\x64\debug\pigeonin.cc6cc1e1.tlog\rc.write.1.tlog
