  Boss.cpp
C:\Users\sukij\Documents\VS Projects\PigeonInvaders\Boss.cpp(5,58): warning C4244: 'argument': conversion from 'float' to 'int', possible loss of data
C:\Users\sukij\Documents\VS Projects\PigeonInvaders\Boss.cpp(5,43): warning C4244: 'argument': conversion from 'float' to 'int', possible loss of data
C:\Users\sukij\Documents\VS Projects\PigeonInvaders\Boss.cpp(23,42): warning C4244: 'argument': conversion from 'float' to 'int', possible loss of data
C:\Users\sukij\Documents\VS Projects\PigeonInvaders\Boss.cpp(23,27): warning C4244: 'argument': conversion from 'float' to 'int', possible loss of data
C:\Program Files\Microsoft Visual Studio\2022\Community\VC\Tools\MSVC\14.43.34808\include\memory(3594,56): warning C4244: 'argument': conversion from '_Ty' to 'float', possible loss of data
C:\Program Files\Microsoft Visual Studio\2022\Community\VC\Tools\MSVC\14.43.34808\include\memory(3594,56): warning C4244:         with
C:\Program Files\Microsoft Visual Studio\2022\Community\VC\Tools\MSVC\14.43.34808\include\memory(3594,56): warning C4244:         [
C:\Program Files\Microsoft Visual Studio\2022\Community\VC\Tools\MSVC\14.43.34808\include\memory(3594,56): warning C4244:             _Ty=double
C:\Program Files\Microsoft Visual Studio\2022\Community\VC\Tools\MSVC\14.43.34808\include\memory(3594,56): warning C4244:         ]
  (compiling source file 'Boss.cpp')
      C:\Program Files\Microsoft Visual Studio\2022\Community\VC\Tools\MSVC\14.43.34808\include\memory(3594,56):
      the template instantiation context (the oldest one first) is
          C:\Users\sukij\Documents\VS Projects\PigeonInvaders\Boss.cpp(67,31):
          see reference to function template instantiation 'std::unique_ptr<EnemyBullet,std::default_delete<EnemyBullet>> std::make_unique<EnemyBullet,double,float,0>(double &&,float &&)' being compiled
  
  Bullet.cpp
  Collisions.cpp
  Enemy.cpp
  EnemyBullet.cpp
  Game.cpp
C:\Program Files\Microsoft Visual Studio\2022\Community\VC\Tools\MSVC\14.43.34808\include\memory(3594,56): warning C4244: 'argument': conversion from '_Ty' to 'float', possible loss of data
C:\Program Files\Microsoft Visual Studio\2022\Community\VC\Tools\MSVC\14.43.34808\include\memory(3594,56): warning C4244:         with
C:\Program Files\Microsoft Visual Studio\2022\Community\VC\Tools\MSVC\14.43.34808\include\memory(3594,56): warning C4244:         [
C:\Program Files\Microsoft Visual Studio\2022\Community\VC\Tools\MSVC\14.43.34808\include\memory(3594,56): warning C4244:             _Ty=int
C:\Program Files\Microsoft Visual Studio\2022\Community\VC\Tools\MSVC\14.43.34808\include\memory(3594,56): warning C4244:         ]
  (compiling source file 'Game.cpp')
      C:\Program Files\Microsoft Visual Studio\2022\Community\VC\Tools\MSVC\14.43.34808\include\memory(3594,56):
      the template instantiation context (the oldest one first) is
          C:\Users\sukij\Documents\VS Projects\PigeonInvaders\Game.cpp(89,35):
          see reference to function template instantiation 'std::unique_ptr<Enemy,std::default_delete<Enemy>> std::make_unique<Enemy,int,int,0>(int &&,int &&)' being compiled
  
  GameOver.cpp
  Leaderboard.cpp
C:\Users\sukij\Documents\VS Projects\PigeonInvaders\Leaderboard.cpp(36,18): warning C4267: 'initializing': conversion from 'size_t' to 'int', possible loss of data
  MainMenu.cpp
  PigeonInvaders2.0C++.cpp
  Spaceship.cpp
C:\Users\sukij\Documents\VS Projects\PigeonInvaders\Spaceship.cpp(7,51): warning C4244: '=': conversion from 'int' to 'float', possible loss of data
C:\Users\sukij\Documents\VS Projects\PigeonInvaders\Spaceship.cpp(8,37): warning C4244: '=': conversion from 'double' to 'float', possible loss of data
C:\Users\sukij\Documents\VS Projects\PigeonInvaders\Spaceship.cpp(18,57): warning C4244: 'argument': conversion from 'float' to 'int', possible loss of data
C:\Users\sukij\Documents\VS Projects\PigeonInvaders\Spaceship.cpp(18,27): warning C4244: 'argument': conversion from 'float' to 'int', possible loss of data
C:\Users\sukij\Documents\VS Projects\PigeonInvaders\Spaceship.cpp(26,60): warning C4244: '=': conversion from 'int' to 'float', possible loss of data
C:\Users\sukij\Documents\VS Projects\PigeonInvaders\Spaceship.cpp(29,107): warning C4244: '=': conversion from 'int' to 'float', possible loss of data
  Sprite.cpp
C:\Users\sukij\Documents\VS Projects\PigeonInvaders\Sprite.cpp(6,41): warning C4244: 'argument': conversion from 'float' to 'int', possible loss of data
C:\Users\sukij\Documents\VS Projects\PigeonInvaders\Sprite.cpp(6,29): warning C4244: 'argument': conversion from 'float' to 'int', possible loss of data
  Generating Code...
LINK : warning LNK4098: defaultlib 'MSVCRT' conflicts with use of other libs; use /NODEFAULTLIB:library
  PigeonInvaders2.0C++.vcxproj -> C:\Users\sukij\Documents\VS Projects\PigeonInvaders\x64\Debug\PigeonInvaders2.0C++.exe
  'pwsh.exe' is not recognized as an internal or external command,
  operable program or batch file.
