  Boss.cpp
C:\Users\sukij\source\repos\PigeonInvaders2.0C++\Boss.cpp(5,58): warning C4244: 'argument': conversion from 'float' to 'int', possible loss of data
C:\Users\sukij\source\repos\PigeonInvaders2.0C++\Boss.cpp(5,43): warning C4244: 'argument': conversion from 'float' to 'int', possible loss of data
C:\Users\sukij\source\repos\PigeonInvaders2.0C++\Boss.cpp(23,42): warning C4244: 'argument': conversion from 'float' to 'int', possible loss of data
C:\Users\sukij\source\repos\PigeonInvaders2.0C++\Boss.cpp(23,27): warning C4244: 'argument': conversion from 'float' to 'int', possible loss of data
C:\Program Files\Microsoft Visual Studio\2022\Community\VC\Tools\MSVC\14.38.33130\include\memory(3465,56): warning C4244: 'argument': conversion from '_Ty' to 'float', possible loss of data
C:\Program Files\Microsoft Visual Studio\2022\Community\VC\Tools\MSVC\14.38.33130\include\memory(3465,56): warning C4244:         with
C:\Program Files\Microsoft Visual Studio\2022\Community\VC\Tools\MSVC\14.38.33130\include\memory(3465,56): warning C4244:         [
C:\Program Files\Microsoft Visual Studio\2022\Community\VC\Tools\MSVC\14.38.33130\include\memory(3465,56): warning C4244:             _Ty=double
C:\Program Files\Microsoft Visual Studio\2022\Community\VC\Tools\MSVC\14.38.33130\include\memory(3465,56): warning C4244:         ]
  (compiling source file 'Boss.cpp')
      C:\Program Files\Microsoft Visual Studio\2022\Community\VC\Tools\MSVC\14.38.33130\include\memory(3465,56):
      the template instantiation context (the oldest one first) is
          C:\Users\sukij\source\repos\PigeonInvaders2.0C++\Boss.cpp(67,31):
          see reference to function template instantiation 'std::unique_ptr<EnemyBullet,std::default_delete<EnemyBullet>> std::make_unique<EnemyBullet,double,float,0>(double &&,float &&)' being compiled
  
  Bullet.cpp
  Collisions.cpp
  Enemy.cpp
  EnemyBullet.cpp
  Game.cpp
C:\Users\sukij\source\repos\PigeonInvaders2.0C++\Game.cpp(27,80): warning C4244: 'argument': conversion from 'float' to 'int', possible loss of data
C:\Program Files\Microsoft Visual Studio\2022\Community\VC\Tools\MSVC\14.38.33130\include\memory(3465,56): warning C4244: 'argument': conversion from '_Ty' to 'float', possible loss of data
C:\Program Files\Microsoft Visual Studio\2022\Community\VC\Tools\MSVC\14.38.33130\include\memory(3465,56): warning C4244:         with
C:\Program Files\Microsoft Visual Studio\2022\Community\VC\Tools\MSVC\14.38.33130\include\memory(3465,56): warning C4244:         [
C:\Program Files\Microsoft Visual Studio\2022\Community\VC\Tools\MSVC\14.38.33130\include\memory(3465,56): warning C4244:             _Ty=int
C:\Program Files\Microsoft Visual Studio\2022\Community\VC\Tools\MSVC\14.38.33130\include\memory(3465,56): warning C4244:         ]
  (compiling source file 'Game.cpp')
      C:\Program Files\Microsoft Visual Studio\2022\Community\VC\Tools\MSVC\14.38.33130\include\memory(3465,56):
      the template instantiation context (the oldest one first) is
          C:\Users\sukij\source\repos\PigeonInvaders2.0C++\Game.cpp(96,35):
          see reference to function template instantiation 'std::unique_ptr<Enemy,std::default_delete<Enemy>> std::make_unique<Enemy,int,int,0>(int &&,int &&)' being compiled
  
  GameOver.cpp
  MainMenu.cpp
  MySqlConnection.cpp
  PigeonInvaders2.0C++.cpp
  Spaceship.cpp
C:\Users\sukij\source\repos\PigeonInvaders2.0C++\Spaceship.cpp(7,51): warning C4244: '=': conversion from 'int' to 'float', possible loss of data
C:\Users\sukij\source\repos\PigeonInvaders2.0C++\Spaceship.cpp(8,37): warning C4244: '=': conversion from 'double' to 'float', possible loss of data
C:\Users\sukij\source\repos\PigeonInvaders2.0C++\Spaceship.cpp(18,57): warning C4244: 'argument': conversion from 'float' to 'int', possible loss of data
C:\Users\sukij\source\repos\PigeonInvaders2.0C++\Spaceship.cpp(18,27): warning C4244: 'argument': conversion from 'float' to 'int', possible loss of data
C:\Users\sukij\source\repos\PigeonInvaders2.0C++\Spaceship.cpp(26,60): warning C4244: '=': conversion from 'int' to 'float', possible loss of data
C:\Users\sukij\source\repos\PigeonInvaders2.0C++\Spaceship.cpp(29,107): warning C4244: '=': conversion from 'int' to 'float', possible loss of data
  Sprite.cpp
C:\Users\sukij\source\repos\PigeonInvaders2.0C++\Sprite.cpp(6,41): warning C4244: 'argument': conversion from 'float' to 'int', possible loss of data
C:\Users\sukij\source\repos\PigeonInvaders2.0C++\Sprite.cpp(6,29): warning C4244: 'argument': conversion from 'float' to 'int', possible loss of data
     Creating library C:\Users\sukij\source\repos\PigeonInvaders2.0C++\x64\Release\PigeonInvaders2.0C++.lib and object C:\Users\sukij\source\repos\PigeonInvaders2.0C++\x64\Release\PigeonInvaders2.0C++.exp
  Generating code
  82 of 427 functions (19.2%) were compiled, the rest were copied from previous compilation.
    0 functions were new in current compilation
    8 functions had inline decision re-evaluated but remain unchanged
  Finished generating code
mysqlcppconn-static.lib(mysql_driver.obj) : warning LNK4099: PDB '' was not found with 'mysqlcppconn-static.lib(mysql_driver.obj)' or at ''; linking object as if no debug info
mysqlcppconn-static.lib(mysql_connection.obj) : warning LNK4099: PDB '' was not found with 'mysqlcppconn-static.lib(mysql_connection.obj)' or at ''; linking object as if no debug info
mysqlcppconn-static.lib(mysql_native_driver_wrapper.obj) : warning LNK4099: PDB '' was not found with 'mysqlcppconn-static.lib(mysql_native_driver_wrapper.obj)' or at ''; linking object as if no debug info
mysqlcppconn-static.lib(mysql_uri.obj) : warning LNK4099: PDB '' was not found with 'mysqlcppconn-static.lib(mysql_uri.obj)' or at ''; linking object as if no debug info
mysqlcppconn-static.lib(mysql_metadata.obj) : warning LNK4099: PDB '' was not found with 'mysqlcppconn-static.lib(mysql_metadata.obj)' or at ''; linking object as if no debug info
mysqlcppconn-static.lib(mysql_warning.obj) : warning LNK4099: PDB '' was not found with 'mysqlcppconn-static.lib(mysql_warning.obj)' or at ''; linking object as if no debug info
mysqlcppconn-static.lib(mysql_prepared_statement.obj) : warning LNK4099: PDB '' was not found with 'mysqlcppconn-static.lib(mysql_prepared_statement.obj)' or at ''; linking object as if no debug info
mysqlcppconn-static.lib(mysql_statement.obj) : warning LNK4099: PDB '' was not found with 'mysqlcppconn-static.lib(mysql_statement.obj)' or at ''; linking object as if no debug info
mysqlcppconn-static.lib(mysql_debug.obj) : warning LNK4099: PDB '' was not found with 'mysqlcppconn-static.lib(mysql_debug.obj)' or at ''; linking object as if no debug info
mysqlcppconn-static.lib(mysql_client_api.obj) : warning LNK4099: PDB '' was not found with 'mysqlcppconn-static.lib(mysql_client_api.obj)' or at ''; linking object as if no debug info
mysqlcppconn-static.lib(mysql_native_connection_wrapper.obj) : warning LNK4099: PDB '' was not found with 'mysqlcppconn-static.lib(mysql_native_connection_wrapper.obj)' or at ''; linking object as if no debug info
mysqlcppconn-static.lib(mysql_util.obj) : warning LNK4099: PDB '' was not found with 'mysqlcppconn-static.lib(mysql_util.obj)' or at ''; linking object as if no debug info
mysqlcppconn-static.lib(mysql_art_resultset.obj) : warning LNK4099: PDB '' was not found with 'mysqlcppconn-static.lib(mysql_art_resultset.obj)' or at ''; linking object as if no debug info
mysqlcppconn-static.lib(mysql_resultbind.obj) : warning LNK4099: PDB '' was not found with 'mysqlcppconn-static.lib(mysql_resultbind.obj)' or at ''; linking object as if no debug info
mysqlcppconn-static.lib(mysql_ps_resultset.obj) : warning LNK4099: PDB '' was not found with 'mysqlcppconn-static.lib(mysql_ps_resultset.obj)' or at ''; linking object as if no debug info
mysqlcppconn-static.lib(mysql_ps_resultset_metadata.obj) : warning LNK4099: PDB '' was not found with 'mysqlcppconn-static.lib(mysql_ps_resultset_metadata.obj)' or at ''; linking object as if no debug info
mysqlcppconn-static.lib(mysql_parameter_metadata.obj) : warning LNK4099: PDB '' was not found with 'mysqlcppconn-static.lib(mysql_parameter_metadata.obj)' or at ''; linking object as if no debug info
mysqlcppconn-static.lib(mysql_resultset.obj) : warning LNK4099: PDB '' was not found with 'mysqlcppconn-static.lib(mysql_resultset.obj)' or at ''; linking object as if no debug info
mysqlcppconn-static.lib(mysql_native_resultset_wrapper.obj) : warning LNK4099: PDB '' was not found with 'mysqlcppconn-static.lib(mysql_native_resultset_wrapper.obj)' or at ''; linking object as if no debug info
mysqlcppconn-static.lib(mysql_native_statement_wrapper.obj) : warning LNK4099: PDB '' was not found with 'mysqlcppconn-static.lib(mysql_native_statement_wrapper.obj)' or at ''; linking object as if no debug info
mysqlcppconn-static.lib(mysql_art_rset_metadata.obj) : warning LNK4099: PDB '' was not found with 'mysqlcppconn-static.lib(mysql_art_rset_metadata.obj)' or at ''; linking object as if no debug info
mysqlcppconn-static.lib(mysql_resultset_metadata.obj) : warning LNK4099: PDB '' was not found with 'mysqlcppconn-static.lib(mysql_resultset_metadata.obj)' or at ''; linking object as if no debug info
  PigeonInvaders2.0C++.vcxproj -> C:\Users\sukij\source\repos\PigeonInvaders2.0C++\x64\Release\PigeonInvaders2.0C++.exe
